<?xml version="1.0" encoding="UTF-8"?>
<!-- Generated by org.testng.reporters.JUnitReportReporter -->
<testsuite skipped="0" hostname="LAPTOP-SEBM3OSS" name="com.spotify.OAuth2.tests.PlayListTest" tests="1" failures="0" timestamp="2022-09-19T21:51:03 EDT" time="1.607" errors="0">
  <testcase name="ShouldnotBeableTocreatePlaylistWithExpiredToken" time="1.607" classname="com.spotify.OAuth2.tests.PlayListTest"/>
  <system-out/>
</testsuite> <!-- com.spotify.OAuth2.tests.PlayListTest -->
