<?xml version="1.0" encoding="UTF-8"?>
<!-- Generated by org.testng.reporters.JUnitReportReporter -->
<testsuite skipped="0" hostname="LAPTOP-SEBM3OSS" name="com.spotify.oauth2.tests.PlayListTest" tests="5" failures="0" timestamp="2024-09-23T23:30:29 EDT" time="5.095" errors="0">
  <testcase name="ShouldnotBeableTocreatePlaylistWithoutname" time="0.190" classname="com.spotify.oauth2.tests.PlayListTest"/>
  <system-out/>
  <testcase name="ShouldBeableToGetAPlaylist" time="4.074" classname="com.spotify.oauth2.tests.PlayListTest"/>
  <system-out/>
  <testcase name="ShouldBeableToUpdateAPlaylist" time="0.377" classname="com.spotify.oauth2.tests.PlayListTest"/>
  <system-out/>
  <testcase name="ShouldnotBeableTocreatePlaylistWithExpiredToken" time="0.157" classname="com.spotify.oauth2.tests.PlayListTest"/>
  <system-out/>
  <testcase name="ShouldBeableTocreatePlaylist" time="0.297" classname="com.spotify.oauth2.tests.PlayListTest"/>
  <system-out/>
</testsuite> <!-- com.spotify.oauth2.tests.PlayListTest -->
