<?xml version="1.0" encoding="UTF-8"?>
<!-- Generated by org.testng.reporters.JUnitReportReporter -->
<testsuite skipped="0" hostname="LAPTOP-SEBM3OSS" name="com.spotify.oauth2.tests.PlayListTest" tests="5" failures="0" timestamp="2022-10-29T18:50:13 EDT" time="5.861" errors="0">
  <testcase name="ShouldBeableToGetAPlaylist" time="4.496" classname="com.spotify.oauth2.tests.PlayListTest"/>
  <system-out/>
  <testcase name="ShouldBeableToUpdateAPlaylist" time="0.611" classname="com.spotify.oauth2.tests.PlayListTest"/>
  <system-out/>
  <testcase name="ShouldBeableTocreatePlaylist" time="0.409" classname="com.spotify.oauth2.tests.PlayListTest"/>
  <system-out/>
  <testcase name="ShouldnotBeableTocreatePlaylistWithoutname" time="0.189" classname="com.spotify.oauth2.tests.PlayListTest"/>
  <system-out/>
  <testcase name="ShouldnotBeableTocreatePlaylistWithExpiredToken" time="0.156" classname="com.spotify.oauth2.tests.PlayListTest"/>
  <system-out/>
</testsuite> <!-- com.spotify.oauth2.tests.PlayListTest -->
